<?xml version="1.0" encoding="UTF-8"?>
<!-- Generated by org.testng.reporters.JUnitXMLReporter -->
<testsuite ignored="0" hostname="Vaish" failures="0" tests="5" name="Surefire test" time="3.606" errors="0" timestamp="2024-12-01T22:34:37 EST">
  <testcase classname="com.vaish.a4.Assignment4.ApiTest" name="testAllPosts" time="2.409"/>
  <testcase classname="com.vaish.a4.Assignment4.ApiTest" name="testGetRequest" time="0.119"/>
  <testcase classname="com.vaish.a4.Assignment4.ApiTest" name="testGetWithQueryParameters" time="0.113"/>
  <testcase classname="com.vaish.a4.Assignment4.ApiTest" name="testInvalidEndpoint" time="0.11"/>
  <testcase classname="com.vaish.a4.Assignment4.ApiTest" name="testPostRequest" time="0.813"/>
</testsuite> <!-- Surefire test -->
