<?xml version="1.0" encoding="UTF-8"?>
<!-- Generated by org.testng.reporters.JUnitXMLReporter -->
<testsuite ignored="0" hostname="Vaish" failures="0" tests="5" name="Default test" time="3.376" errors="0" timestamp="2024-12-01T23:17:31 EST">
  <testcase classname="com.vaish.a4.Assignment4.ApiTest" name="testAllPosts" time="2.211"/>
  <testcase classname="com.vaish.a4.Assignment4.ApiTest" name="testGetRequest" time="0.098"/>
  <testcase classname="com.vaish.a4.Assignment4.ApiTest" name="testGetWithQueryParameters" time="0.133"/>
  <testcase classname="com.vaish.a4.Assignment4.ApiTest" name="testInvalidEndpoint" time="0.133"/>
  <testcase classname="com.vaish.a4.Assignment4.ApiTest" name="testPostRequest" time="0.753"/>
</testsuite> <!-- Default test -->
