<?xml version="1.0" encoding="UTF-8"?>
<testsuite xmlns:xsi="http://www.w3.org/2001/XMLSchema-instance" xsi:noNamespaceSchemaLocation="https://maven.apache.org/surefire/maven-surefire-plugin/xsd/surefire-test-report.xsd" version="3.0.1" name="com.vaish.a4.Assignment4.ApiTest" time="3.985" tests="5" errors="0" skipped="0" failures="0">
  <properties>
[...]
</properties>
  <testcase name="testAllPosts" classname="com.vaish.a4.Assignment4.ApiTest" time="2.412"/>
  <testcase name="testGetRequest" classname="com.vaish.a4.Assignment4.ApiTest" time="0.118"/>
  <testcase name="testGetWithQueryParameters" classname="com.vaish.a4.Assignment4.ApiTest" time="0.114"/>
  <testcase name="testInvalidEndpoint" classname="com.vaish.a4.Assignment4.ApiTest" time="0.11"/>
  <testcase name="testPostRequest" classname="com.vaish.a4.Assignment4.ApiTest" time="0.814">
    <system-out><![CDATA[Created Post ID: 101
Warning: The post was not found. Likely due to mock API limitations.
]]></system-out>
  </testcase>
</testsuite>