<?xml version="1.0" encoding="UTF-8"?>
<testng-results ignored="0" total="5" passed="5" failed="0" skipped="0">
  <reporter-output>
  </reporter-output>
  <suite started-at="2024-12-01T23:17:28 EST" name="Default suite" finished-at="2024-12-01T23:17:31 EST" duration-ms="3376">
    <groups>
    </groups>
    <test started-at="2024-12-01T23:17:28 EST" name="Default test" finished-at="2024-12-01T23:17:31 EST" duration-ms="3376">
      <class name="com.vaish.a4.Assignment4.ApiTest">
        <test-method signature="testAllPosts()[pri:0, instance:com.vaish.a4.Assignment4.ApiTest@72a7c7e0]" started-at="2024-12-01T23:17:28 EST" name="testAllPosts" finished-at="2024-12-01T23:17:30 EST" duration-ms="2211" status="PASS">
          <reporter-output>
          </reporter-output>
        </test-method> <!-- testAllPosts -->
        <test-method signature="testGetRequest()[pri:0, instance:com.vaish.a4.Assignment4.ApiTest@72a7c7e0]" started-at="2024-12-01T23:17:30 EST" name="testGetRequest" finished-at="2024-12-01T23:17:30 EST" duration-ms="98" status="PASS">
          <reporter-output>
          </reporter-output>
        </test-method> <!-- testGetRequest -->
        <test-method signature="testGetWithQueryParameters()[pri:0, instance:com.vaish.a4.Assignment4.ApiTest@72a7c7e0]" started-at="2024-12-01T23:17:30 EST" name="testGetWithQueryParameters" finished-at="2024-12-01T23:17:30 EST" duration-ms="133" status="PASS">
          <reporter-output>
          </reporter-output>
        </test-method> <!-- testGetWithQueryParameters -->
        <test-method signature="testInvalidEndpoint()[pri:0, instance:com.vaish.a4.Assignment4.ApiTest@72a7c7e0]" started-at="2024-12-01T23:17:30 EST" name="testInvalidEndpoint" finished-at="2024-12-01T23:17:30 EST" duration-ms="133" status="PASS">
          <reporter-output>
          </reporter-output>
        </test-method> <!-- testInvalidEndpoint -->
        <test-method signature="testPostRequest()[pri:0, instance:com.vaish.a4.Assignment4.ApiTest@72a7c7e0]" started-at="2024-12-01T23:17:30 EST" name="testPostRequest" finished-at="2024-12-01T23:17:31 EST" duration-ms="753" status="PASS">
          <reporter-output>
          </reporter-output>
        </test-method> <!-- testPostRequest -->
      </class> <!-- com.vaish.a4.Assignment4.ApiTest -->
    </test> <!-- Default test -->
  </suite> <!-- Default suite -->
</testng-results>
